--------------------
./configure --host=arm-linux-gnueabi --prefix=/tmp/mc_build/builds/build_libffi-3.2.1 --enable-static=yes
Вт авг 22 23:43:45 +07 2017
unknown option: --host=arm-linux-gnueabi
./configure --help for help
** ./configure aborting.
--------------------


--------------------
./configure --static make
Вт авг 22 23:45:16 +07 2017
unknown option: make
./configure --help for help
** ./configure aborting.
--------------------


--------------------
./configure --static make
Вт авг 22 23:45:19 +07 2017
unknown option: make
./configure --help for help
** ./configure aborting.
--------------------


--------------------
./configure --static
Вт авг 22 23:45:36 +07 2017
=== ztest9926.c ===
extern int getchar();
int hello() {return getchar();}
===
arm-linux-gnueabi-gcc -c ztest9926.c
... using gcc

Checking for obsessive-compulsive compiler options...
=== ztest9926.c ===
int foo() { return 0; }
===
arm-linux-gnueabi-gcc -c -O3 ztest9926.c

Building static library libz.a version 1.2.8 with arm-linux-gnueabi-gcc.

=== ztest9926.c ===
#include <sys/types.h>
off64_t dummy = 0;
===
arm-linux-gnueabi-gcc -c -O3 -D_LARGEFILE64_SOURCE=1 ztest9926.c
Checking for off64_t... Yes.
Checking for fseeko... Yes.

=== ztest9926.c ===
#include <string.h>
#include <errno.h>
int main() { return strlen(strerror(errno)); }
===
arm-linux-gnueabi-gcc -O3 -D_LARGEFILE64_SOURCE=1 -o ztest9926 ztest9926.c
Checking for strerror... Yes.

=== ztest9926.c ===
#include <unistd.h>
int main() { return 0; }
===
arm-linux-gnueabi-gcc -c -O3 -D_LARGEFILE64_SOURCE=1 ztest9926.c
Checking for unistd.h... Yes.

=== ztest9926.c ===
#include <stdarg.h>
int main() { return 0; }
===
arm-linux-gnueabi-gcc -c -O3 -D_LARGEFILE64_SOURCE=1 ztest9926.c
Checking for stdarg.h... Yes.

=== ztest9926.c ===
#include <stdio.h>
#include <stdarg.h>
#include "zconf.h"
int main()
{
#ifndef STDC
  choke me
#endif
  return 0;
}
===
arm-linux-gnueabi-gcc -c -O3 -D_LARGEFILE64_SOURCE=1 ztest9926.c
Checking whether to use vs[n]printf() or s[n]printf()... using vs[n]printf().

=== ztest9926.c ===
#include <stdio.h>
#include <stdarg.h>
int mytest(const char *fmt, ...)
{
  char buf[20];
  va_list ap;
  va_start(ap, fmt);
  vsnprintf(buf, sizeof(buf), fmt, ap);
  va_end(ap);
  return 0;
}
int main()
{
  return (mytest("Hello%d\n", 1));
}
===
arm-linux-gnueabi-gcc -O3 -D_LARGEFILE64_SOURCE=1 -o ztest9926 ztest9926.c
Checking for vsnprintf() in stdio.h... Yes.

=== ztest9926.c ===
#include <stdio.h>
#include <stdarg.h>
int mytest(const char *fmt, ...)
{
  int n;
  char buf[20];
  va_list ap;
  va_start(ap, fmt);
  n = vsnprintf(buf, sizeof(buf), fmt, ap);
  va_end(ap);
  return n;
}
int main()
{
  return (mytest("Hello%d\n", 1));
}
===
arm-linux-gnueabi-gcc -c -O3 -D_LARGEFILE64_SOURCE=1 ztest9926.c
Checking for return value of vsnprintf()... Yes.

=== ztest9926.c ===
#define ZLIB_INTERNAL __attribute__((visibility ("hidden")))
int ZLIB_INTERNAL foo;
int main()
{
  return 0;
}
===
arm-linux-gnueabi-gcc -c -O3 -D_LARGEFILE64_SOURCE=1 ztest9926.c
Checking for attribute(visibility) support... Yes.

ALL = static all64
AR = ar
ARFLAGS = rc
CC = arm-linux-gnueabi-gcc
CFLAGS = -O3 -D_LARGEFILE64_SOURCE=1 -DHAVE_HIDDEN
CPP = arm-linux-gnueabi-gcc -E
EXE =
LDCONFIG = ldconfig
LDFLAGS =
LDSHARED = arm-linux-gnueabi-gcc
LDSHAREDLIBC = -lc
OBJC = $(OBJZ) $(OBJG)
PIC_OBJC = $(PIC_OBJZ) $(PIC_OBJG)
RANLIB = ranlib
SFLAGS = -O3 -fPIC -D_LARGEFILE64_SOURCE=1 -DHAVE_HIDDEN
SHAREDLIB =
SHAREDLIBM =
SHAREDLIBV =
STATICLIB = libz.a
TEST = all teststatic test64
VER = 1.2.8
Z_U4 =
exec_prefix = ${prefix}
includedir = ${prefix}/include
libdir = ${exec_prefix}/lib
mandir = ${prefix}/share/man
prefix = /usr/local
sharedlibdir = ${libdir}
uname = Linux
--------------------


--------------------
./configure --static
Вт авг 22 23:46:09 +07 2017
=== ztest10132.c ===
extern int getchar();
int hello() {return getchar();}
===
arm-linux-gnueabi-gcc -c ztest10132.c
... using gcc

Checking for obsessive-compulsive compiler options...
=== ztest10132.c ===
int foo() { return 0; }
===
arm-linux-gnueabi-gcc -c -O3 ztest10132.c

Building static library libz.a version 1.2.8 with arm-linux-gnueabi-gcc.

=== ztest10132.c ===
#include <sys/types.h>
off64_t dummy = 0;
===
arm-linux-gnueabi-gcc -c -O3 -D_LARGEFILE64_SOURCE=1 ztest10132.c
Checking for off64_t... Yes.
Checking for fseeko... Yes.

=== ztest10132.c ===
#include <string.h>
#include <errno.h>
int main() { return strlen(strerror(errno)); }
===
arm-linux-gnueabi-gcc -O3 -D_LARGEFILE64_SOURCE=1 -o ztest10132 ztest10132.c
Checking for strerror... Yes.

=== ztest10132.c ===
#include <unistd.h>
int main() { return 0; }
===
arm-linux-gnueabi-gcc -c -O3 -D_LARGEFILE64_SOURCE=1 ztest10132.c
Checking for unistd.h... Yes.

=== ztest10132.c ===
#include <stdarg.h>
int main() { return 0; }
===
arm-linux-gnueabi-gcc -c -O3 -D_LARGEFILE64_SOURCE=1 ztest10132.c
Checking for stdarg.h... Yes.

=== ztest10132.c ===
#include <stdio.h>
#include <stdarg.h>
#include "zconf.h"
int main()
{
#ifndef STDC
  choke me
#endif
  return 0;
}
===
arm-linux-gnueabi-gcc -c -O3 -D_LARGEFILE64_SOURCE=1 ztest10132.c
Checking whether to use vs[n]printf() or s[n]printf()... using vs[n]printf().

=== ztest10132.c ===
#include <stdio.h>
#include <stdarg.h>
int mytest(const char *fmt, ...)
{
  char buf[20];
  va_list ap;
  va_start(ap, fmt);
  vsnprintf(buf, sizeof(buf), fmt, ap);
  va_end(ap);
  return 0;
}
int main()
{
  return (mytest("Hello%d\n", 1));
}
===
arm-linux-gnueabi-gcc -O3 -D_LARGEFILE64_SOURCE=1 -o ztest10132 ztest10132.c
Checking for vsnprintf() in stdio.h... Yes.

=== ztest10132.c ===
#include <stdio.h>
#include <stdarg.h>
int mytest(const char *fmt, ...)
{
  int n;
  char buf[20];
  va_list ap;
  va_start(ap, fmt);
  n = vsnprintf(buf, sizeof(buf), fmt, ap);
  va_end(ap);
  return n;
}
int main()
{
  return (mytest("Hello%d\n", 1));
}
===
arm-linux-gnueabi-gcc -c -O3 -D_LARGEFILE64_SOURCE=1 ztest10132.c
Checking for return value of vsnprintf()... Yes.

=== ztest10132.c ===
#define ZLIB_INTERNAL __attribute__((visibility ("hidden")))
int ZLIB_INTERNAL foo;
int main()
{
  return 0;
}
===
arm-linux-gnueabi-gcc -c -O3 -D_LARGEFILE64_SOURCE=1 ztest10132.c
Checking for attribute(visibility) support... Yes.

ALL = static all64
AR = ar
ARFLAGS = rc
CC = arm-linux-gnueabi-gcc
CFLAGS = -O3 -D_LARGEFILE64_SOURCE=1 -DHAVE_HIDDEN
CPP = arm-linux-gnueabi-gcc -E
EXE =
LDCONFIG = ldconfig
LDFLAGS =
LDSHARED = arm-linux-gnueabi-gcc
LDSHAREDLIBC = -lc
OBJC = $(OBJZ) $(OBJG)
PIC_OBJC = $(PIC_OBJZ) $(PIC_OBJG)
RANLIB = ranlib
SFLAGS = -O3 -fPIC -D_LARGEFILE64_SOURCE=1 -DHAVE_HIDDEN
SHAREDLIB =
SHAREDLIBM =
SHAREDLIBV =
STATICLIB = libz.a
TEST = all teststatic test64
VER = 1.2.8
Z_U4 =
exec_prefix = ${prefix}
includedir = ${prefix}/include
libdir = ${exec_prefix}/lib
mandir = ${prefix}/share/man
prefix = /usr/local
sharedlibdir = ${libdir}
uname = Linux
--------------------


